14.08.2018 03:50:38 sql=[select * from user where username='kienlt32@wru.vn'] 
14.08.2018 03:50:38 sql=[select * from user where username=''] 
14.08.2018 03:52:04 sql=[select * from user where username='kienlt32@wru.vn'] 
14.08.2018 03:52:05 sql=[select * from user where username=''] 
14.08.2018 03:52:49 sql=[select * from user where username='kienlt32@wru.vn'] 
14.08.2018 03:52:50 sql=[select * from user where username=''] 
14.08.2018 03:53:58 sql=[select * from user where username=''] 
14.08.2018 03:53:58 sql=[select * from user where username=''] 
14.08.2018 03:55:22 sql=[select * from user where username=''] 
14.08.2018 03:55:23 sql=[select * from user where username=''] 
14.08.2018 03:55:49 sql=[select * from user where username='kienlt32@wru.vn'] 
14.08.2018 03:55:49 sql=[select * from user where username=''] 
14.08.2018 04:08:37 sql=[select * from user where username='kienlt32@wru.vn'] 
14.08.2018 04:09:12 sql=[select * from user where username='kienlt32@wru.vn'] 
14.08.2018 04:09:42 sql=[select * from user where username='kienlt32@wru.vn'] 
14.08.2018 04:09:56 sql=[select * from user where username='kienlt32@wru.vn'] 
14.08.2018 04:10:07 sql=[select * from user where username='kienlt32@wru.vn'] 
14.08.2018 04:18:39 sql=[select * from user where username='kienlt32@wru.vn'] 
14.08.2018 04:20:42 sql=[select * from user where username='kienlt32@wru.vn'] 
14.08.2018 04:21:02 sql=[select * from user where username='kienlt32@wru.vn'] 
14.08.2018 04:21:11 sql=[select * from user where username='kienlt32@wru.vn'] 
15.08.2018 08:14:39 sql=[select * from user where username='kienlt32@wru.vn'] 
15.08.2018 08:36:10 sql=[select * from user where username='kienlt32@wru.vn'] 
15.08.2018 08:37:08 sql=[select * from user where username='kienlt32@wru.vn'] 
15.08.2018 08:39:13 sql=[select * from user where username='kienlt32@wru.vn'] 
15.08.2018 08:45:58 sql=[select * from user where username='kienlt32@wru.vn'] 
15.08.2018 08:47:44 sql=[select * from user where username='kienlt32@wru.vn'] 
15.08.2018 08:48:51 sql=[select * from user where username='kienlt32@wru.vn'] 
15.08.2018 08:53:17 sql=[select * from user where username='kienlt32@wru.vn'] 
15.08.2018 08:54:52 sql=[select * from user where username='kienlt32@wru.vn'] 
15.08.2018 08:55:33 sql=[select * from user where username='kienlt32@wru.vn'] 
15.08.2018 08:56:04 sql=[select * from user where username='kienlt32@wru.vn'] 
15.08.2018 09:05:33 sql=[select * from user where username='kienlt32@wru.vn'] 
15.08.2018 09:08:02 sql=[select * from user where username='kienlt32@wru.vn'] 
15.08.2018 09:20:07 sql=[select * from user where username='kienlt32@wru.vn'] 
15.08.2018 09:23:26 sql=[select * from user where username='kienlt32@wru.vn'] 
15.08.2018 09:26:41 sql=[select * from user where username='kienlt32@wru.vn'] 
15.08.2018 09:27:59 sql=[select * from user where username='kienlt32@wru.vn'] 
15.08.2018 09:28:16 sql=[select * from user where username='kienlt32@wru.vn'] 
15.08.2018 09:29:47 sql=[select * from user where username='kienlt32@wru.vn'] 
15.08.2018 09:29:56 sql=[select * from user where username='kienlt32@wru.vn'] 
15.08.2018 09:30:05 sql=[select * from user where username='kienlt32@wru.vnẻt'] 
15.08.2018 09:30:12 sql=[select * from user where username='kienlt32@wru.vn'] 
15.08.2018 09:33:08 sql=[select * from user where username='kienlt32@wru.vn'] 
15.08.2018 09:47:14 sql=[select * from user where username='kienlt32@wru.vn'] 
15.08.2018 09:51:45 sql=[select * from user where username='kienlt32@wru.vn'] 
15.08.2018 09:56:23 sql=[select * from user where username='kienlt32@wru.vn'] 
15.08.2018 09:56:51 sql=[select * from user where username='kienlt32@wru.vn'] 
15.08.2018 09:57:14 sql=[select * from user where username='kienlt32@wru.vn'] 
15.08.2018 09:57:30 sql=[select * from user where username='kienlt32@wru.vn'] 
15.08.2018 09:57:53 sql=[select * from user where username='diunt32@wru.vn'] 
15.08.2018 09:58:05 sql=[select * from user where username='kienlt32@wru.vn'] 
15.08.2018 10:00:13 sql=[select * from user where username='kienlt32@wru.vn'] 
15.08.2018 10:02:15 sql=[select * from user where username='kienlt32@wru.vn'] 
15.08.2018 10:02:29 sql=[select * from user where username='diunt32@wru.vn'] 
15.08.2018 10:02:44 sql=[select * from user where username='kienlt32@wru.vn'] 
15.08.2018 10:08:37 sql=[select * from user where username='kienlt32@wru.vn'] 
15.08.2018 10:15:18 sql=[select * from user where username='diunt32@wru.vn'] 
15.08.2018 10:28:50 sql=[select * from user where username='kienlt32@wru.vn'] 
15.08.2018 10:31:35 sql=[select * from user where username='diunt32@wru.vn'] 
15.08.2018 10:33:22 sql=[select * from user where username='kienlt32@wru.vn'] 
17.08.2018 05:05:54 sql=[select * from user where username='kienlt32@wru.vn'] 
17.08.2018 06:56:17 sql=[] 
17.08.2018 06:56:17 Khong the select duoc,ERROR=[Query was empty] 
17.08.2018 06:56:17 COUNT=[0] 
17.08.2018 06:56:39 sql=[select * from Giaovien order by id_gv desc] 
17.08.2018 06:58:04 sql=[select * from Giaovien order by id_gv desc] 
17.08.2018 06:58:32 sql=[select * from Giaovien order by id_gv desc] 
17.08.2018 06:58:59 sql=[select * from Giaovien order by id_gv desc] 
17.08.2018 07:00:03 sql=[select * from Giaovien order by id_gv desc] 
17.08.2018 07:03:39 sql=[select * from Giaovien order by id_gv desc] 
17.08.2018 07:05:30 sql=[select * from Giaovien order by id_gv desc] 
17.08.2018 07:07:31 sql=[select * from Giaovien order by id_gv desc] 
17.08.2018 08:15:25 sql=[select * from user where username='kienlt32@wru.vn'] 
17.08.2018 08:15:26 sql=[select * from Giaovien order by id_gv desc] 
17.08.2018 08:15:54 sql=[select * from Giaovien order by id_gv desc] 
17.08.2018 08:16:22 sql=[select * from Giaovien order by id_gv desc] 
17.08.2018 08:23:44 sql=[select * from Giaovien order by id_gv desc] 
17.08.2018 08:29:21 sql=[select * from Giaovien order by id_gv desc] 
17.08.2018 08:31:35 sql=[select * from Giaovien order by id_gv desc] 
17.08.2018 08:32:20 sql=[select * from Giaovien order by id_gv desc] 
17.08.2018 08:34:16 sql=[select * from Giaovien order by id_gv desc] 
17.08.2018 08:36:10 sql=[select * from user where username='diunt32@wru.vn'] 
17.08.2018 08:36:38 sql=[select * from user where username='kienlt32@wru.vn'] 
17.08.2018 08:36:38 sql=[select * from Giaovien order by id_gv desc] 
17.08.2018 09:06:52 sql=[select * from Giaovien order by id_gv desc] 
17.08.2018 09:08:40 sql=[select * from Giaovien order by id_gv desc] 
17.08.2018 09:11:06 sql=[select * from Giaovien order by id_gv desc] 
17.08.2018 09:29:18 sql=[select * from user where username='kienlt32@wru.vn'] 
17.08.2018 09:29:18 sql=[select * from Giaovien order by id_gv desc] 
17.08.2018 09:59:59 sql=[select * from Giaovien order by id_gv desc] 
17.08.2018 10:03:02 sql=[select * from Giaovien order by id_gv desc] 
17.08.2018 10:19:44 sql=[select * from Giaovien order by id_gv desc] 
17.08.2018 10:22:47 sql=[select * from Giaovien order by id_gv desc] 
17.08.2018 10:22:49 sql=[select * from Giaovien order by id_gv desc] 
17.08.2018 10:22:49 sql=[select * from Giaovien order by id_gv desc] 
17.08.2018 10:22:50 sql=[select * from Giaovien order by id_gv desc] 
17.08.2018 10:23:09 sql=[select * from Giaovien order by id_gv desc] 
17.08.2018 10:25:07 sql=[select * from Giaovien order by id_gv desc] 
17.08.2018 10:26:08 sql=[select * from Giaovien order by id_gv desc] 
17.08.2018 10:29:44 sql=[select * from Giaovien order by id_gv desc] 
17.08.2018 10:30:09 sql=[select * from user where username='kienlt32@wru.vn'] 
17.08.2018 10:30:09 sql=[select * from Giaovien order by id_gv desc] 
17.08.2018 03:21:57 sql=[select * from user where username='kienlt32@wru.vn'] 
17.08.2018 03:21:58 sql=[select * from Giaovien order by id_gv desc] 
17.08.2018 03:22:54 sql=[select * from Giaovien order by id_gv desc] 
17.08.2018 03:23:20 sql=[select * from Giaovien order by id_gv desc] 
17.08.2018 03:28:32 sql=[select * from Giaovien order by id_gv desc] 
17.08.2018 03:28:43 sql=[select * from Giaovien order by id_gv desc] 
17.08.2018 03:28:53 sql=[select * from Giaovien order by id_gv desc] 
17.08.2018 03:28:54 sql=[select * from Giaovien order by id_gv desc] 
17.08.2018 03:30:23 sql=[select * from Giaovien order by id_gv desc] 
17.08.2018 03:30:24 sql=[select * from Giaovien order by id_gv desc] 
17.08.2018 03:31:59 sql=[select * from Giaovien order by id_gv desc] 
17.08.2018 03:32:07 sql=[select * from Giaovien order by id_gv desc] 
17.08.2018 03:32:07 sql=[select * from Giaovien order by id_gv desc] 
17.08.2018 03:33:23 sql=[select * from Giaovien order by id_gv desc] 
17.08.2018 03:33:23 sql=[select * from Giaovien order by id_gv desc] 
17.08.2018 03:34:08 sql=[select * from Giaovien order by id_gv desc] 
17.08.2018 03:35:07 sql=[select * from Giaovien order by id_gv desc] 
17.08.2018 03:35:28 sql=[select * from Giaovien order by id_gv desc] 
17.08.2018 03:35:29 sql=[select * from Giaovien order by id_gv desc] 
17.08.2018 03:38:29 sql=[select * from user where username='kienlt32@wru.vn'] 
17.08.2018 03:38:29 sql=[select * from Giaovien order by id_gv desc] 
17.08.2018 03:38:39 sql=[select * from user where username='diunt32@wru.vn'] 
17.08.2018 03:47:45 sql=[select * from user where username='kienlt32@wru.vn'] 
17.08.2018 03:47:46 sql=[select * from Giaovien order by id_gv desc] 
17.08.2018 03:55:30 sql=[select * from Giaovien order by id_gv desc] 
17.08.2018 03:56:07 sql=[select * from Giaovien order by id_gv desc] 
17.08.2018 03:56:19 <!-- sql=[INSERT INTO giaovien (`img_gv`, `ten_gv`, `monhoc`, `gioitinh`, `sdt`, `thongtin`)  VALUES (	'', 	'4324',  'qeqwe', 	'0', 	'312312', 	'............' )] --> 
17.08.2018 03:56:19 sql=[select * from Giaovien order by id_gv desc] 
17.08.2018 03:57:05 <!-- sql=[INSERT INTO giaovien (`img_gv`, `ten_gv`, `monhoc`, `gioitinh`, `sdt`, `thongtin`)  VALUES (	'tải xuống (2).png', 	'eqwe',  '424', 	'0', 	'32423', 	'............' )] --> 
17.08.2018 03:57:05 sql=[select * from Giaovien order by id_gv desc] 
17.08.2018 04:07:38 sql=[select * from Giaovien order by id_gv desc] 
17.08.2018 04:18:26 sql=[select * from Giaovien order by id_gv desc] 
17.08.2018 04:19:46 sql=[select * from Giaovien order by id_gv desc] 
17.08.2018 04:19:55 <!-- sql=[INSERT INTO giaovien (`img_gv`, `ten_gv`, `monhoc`, `gioitinh`, `sdt`, `thongtin`)  VALUES (	'uploads/tải xuống (5).png', 	'eqwe',  'qeqwe', 	'1', 	'312312', 	'............' )] --> 
17.08.2018 04:21:05 sql=[select * from Giaovien order by id_gv desc] 
17.08.2018 04:21:35 sql=[select * from Giaovien order by id_gv desc] 
17.08.2018 04:24:24 sql=[select * from Giaovien order by id_gv desc] 
17.08.2018 04:25:02 sql=[select * from Giaovien order by id_gv desc] 
17.08.2018 04:25:07 <!-- sql=[INSERT INTO giaovien (`img_gv`, `ten_gv`, `monhoc`, `gioitinh`, `sdt`, `thongtin`)  VALUES (	'uploads/tải xuống (3).png', 	'eqwe',  'qeqwe', 	'1', 	'312312', 	'............' )] --> 
17.08.2018 04:25:07 sql=[select * from Giaovien order by id_gv desc] 
17.08.2018 04:26:46 sql=[select * from Giaovien order by id_gv desc] 
17.08.2018 04:29:10 sql=[select * from Giaovien order by id_gv desc] 
17.08.2018 04:31:53 sql=[select * from Giaovien order by id_gv desc] 
17.08.2018 04:32:31 sql=[select * from Giaovien order by id_gv desc] 
17.08.2018 04:32:47 <!-- sql=[INSERT INTO giaovien (`img_gv`, `ten_gv`, `monhoc`, `gioitinh`, `sdt`, `thongtin`)  VALUES (	'uploads/5b76dc8fe5943', 	'eqwe',  'qeqwe', 	'1', 	'312312', 	'............' )] --> 
17.08.2018 04:32:48 sql=[select * from Giaovien order by id_gv desc] 
17.08.2018 04:34:34 sql=[select * from Giaovien order by id_gv desc] 
17.08.2018 04:34:48 <!-- sql=[INSERT INTO giaovien (`img_gv`, `ten_gv`, `monhoc`, `gioitinh`, `sdt`, `thongtin`)  VALUES (	'uploads/5b76dd08f1bbd.', 	'eqwe',  '424', 	'0', 	'312312', 	'............' )] --> 
17.08.2018 04:34:49 sql=[select * from Giaovien order by id_gv desc] 
17.08.2018 04:35:20 sql=[select * from Giaovien order by id_gv desc] 
17.08.2018 04:35:35 <!-- sql=[INSERT INTO giaovien (`img_gv`, `ten_gv`, `monhoc`, `gioitinh`, `sdt`, `thongtin`)  VALUES (	'uploads/5b76dd37076e10', 	'eqwe',  'qeqwe', 	'0', 	'312312', 	'............' )] --> 
17.08.2018 04:35:35 sql=[select * from Giaovien order by id_gv desc] 
17.08.2018 04:37:04 sql=[select * from Giaovien order by id_gv desc] 
17.08.2018 04:37:37 sql=[select * from Giaovien order by id_gv desc] 
17.08.2018 04:37:38 sql=[select * from Giaovien order by id_gv desc] 
17.08.2018 04:37:52 <!-- sql=[INSERT INTO giaovien (`img_gv`, `ten_gv`, `monhoc`, `gioitinh`, `sdt`, `thongtin`)  VALUES (	'uploads/5b76ddc0ead7d.', 	'4324',  'qeqwe', 	'1', 	'312312', 	'............' )] --> 
17.08.2018 04:37:53 sql=[select * from Giaovien order by id_gv desc] 
17.08.2018 04:42:34 sql=[select * from Giaovien order by id_gv desc] 
17.08.2018 04:42:49 <!-- sql=[INSERT INTO giaovien (`img_gv`, `ten_gv`, `monhoc`, `gioitinh`, `sdt`, `thongtin`)  VALUES (	'uploads/5b76dee976888.png', 	'eqwe',  'qeqwe', 	'1', 	'312312', 	'............' )] --> 
17.08.2018 04:42:49 sql=[select * from Giaovien order by id_gv desc] 
17.08.2018 04:43:07 <!-- sql=[INSERT INTO giaovien (`img_gv`, `ten_gv`, `monhoc`, `gioitinh`, `sdt`, `thongtin`)  VALUES (	'uploads/5b76defb6164e.png', 	'eqwe',  'qeqwe', 	'', 	'312312', 	'............' )] --> 
17.08.2018 04:43:07 sql=[select * from Giaovien order by id_gv desc] 
17.08.2018 04:45:26 sql=[select * from Giaovien order by id_gv desc] 
17.08.2018 04:45:29 sql=[select * from Giaovien order by id_gv desc] 
17.08.2018 04:45:29 sql=[select * from Giaovien order by id_gv desc] 
17.08.2018 04:45:29 sql=[select * from Giaovien order by id_gv desc] 
17.08.2018 04:49:49 sql=[select * from Giaovien order by id_gv desc] 
17.08.2018 04:49:55 sql=[select * from Giaovien order by id_gv desc] 
17.08.2018 04:49:55 sql=[select * from Giaovien order by id_gv desc] 
17.08.2018 04:50:13 sql=[select * from user where username='kienlt32@wru.vn'] 
17.08.2018 04:50:13 sql=[select * from Giaovien order by id_gv desc] 
